# JRE version: Java(TM) SE Runtime Environment (20.0.1+9) (build 20.0.1+9-29)
# Java VM: Java HotSpot(TM) 64-Bit Server VM (20.0.1+9-29, mixed mode, emulated-client, sharing, tiered, compressed oops, compressed class ptrs, g1 gc, windows-amd64)
GC Precious Log:
 CardTable entry size: 512
 Card Set container configuration: InlinePtr #cards 4 size 8 Array Of Cards #cards 32 size 80 Howl #buckets 8 coarsen threshold 7372 Howl Bitmap #cards 1024 size 144 coarsen threshold 921 Card regions per heap region 1 cards per card region 8192
 CPUs: 8 total, 8 available
 Memory: 20259M
 Large Page Support: Disabled
 NUMA Support: Disabled
 Compressed Oops: Enabled (Zero based)
 Heap Region Size: 4M
 Heap Min Capacity: 8M
 Heap Initial Capacity: 320M
 Heap Max Capacity: 5068M
 Pre-touch: Disabled
 Parallel Workers: 8
 Concurrent Workers: 2
 Concurrent Refinement Workers: 8
 Periodic GC: Disabled
Heap:
 garbage-first heap   total 98304K, used 31339K [0x00000006c3400000, 0x0000000800000000)
  region size 4096K, 4 young (16384K), 1 survivors (4096K)
 Metaspace       used 36680K, committed 37248K, reserved 1114112K
  class space    used 5014K, committed 5248K, reserved 1048576K
GC Heap History (16 events):
Event: 0.898 GC heap before
{Heap before GC invocations=0 (full 0):
 garbage-first heap   total 327680K, used 20480K [0x00000006c3400000, 0x0000000800000000)
  region size 4096K, 5 young (20480K), 0 survivors (0K)
 Metaspace       used 5145K, committed 5312K, reserved 1114112K
  class space    used 614K, committed 704K, reserved 1048576K
}
Event: 0.902 GC heap after
{Heap after GC invocations=1 (full 0):
 garbage-first heap   total 327680K, used 7712K [0x00000006c3400000, 0x0000000800000000)
  region size 4096K, 1 young (4096K), 1 survivors (4096K)
 Metaspace       used 5145K, committed 5312K, reserved 1114112K
  class space    used 614K, committed 704K, reserved 1048576K
}
Event: 1.195 GC heap before
{Heap before GC invocations=1 (full 0):
 garbage-first heap   total 327680K, used 20000K [0x00000006c3400000, 0x0000000800000000)
  region size 4096K, 4 young (16384K), 1 survivors (4096K)
 Metaspace       used 8191K, committed 8448K, reserved 1114112K
  class space    used 1010K, committed 1152K, reserved 1048576K
}
Event: 1.199 GC heap after
{Heap after GC invocations=2 (full 0):
 garbage-first heap   total 327680K, used 9068K [0x00000006c3400000, 0x0000000800000000)
  region size 4096K, 1 young (4096K), 1 survivors (4096K)
 Metaspace       used 8191K, committed 8448K, reserved 1114112K
  class space    used 1010K, committed 1152K, reserved 1048576K
}
Event: 2.588 GC heap before
{Heap before GC invocations=2 (full 0):
 garbage-first heap   total 327680K, used 54124K [0x00000006c3400000, 0x0000000800000000)
  region size 4096K, 12 young (49152K), 1 survivors (4096K)
 Metaspace       used 19332K, committed 19712K, reserved 1114112K
  class space    used 2443K, committed 2624K, reserved 1048576K
}
Event: 2.592 GC heap after
{Heap after GC invocations=3 (full 0):
 garbage-first heap   total 327680K, used 12391K [0x00000006c3400000, 0x0000000800000000)
  region size 4096K, 2 young (8192K), 2 survivors (8192K)
 Metaspace       used 19332K, committed 19712K, reserved 1114112K
  class space    used 2443K, committed 2624K, reserved 1048576K
}
Event: 2.976 GC heap before
{Heap before GC invocations=3 (full 0):
 garbage-first heap   total 327680K, used 24679K [0x00000006c3400000, 0x0000000800000000)
  region size 4096K, 6 young (24576K), 2 survivors (8192K)
 Metaspace       used 21196K, committed 21504K, reserved 1114112K
  class space    used 2745K, committed 2880K, reserved 1048576K
}
Event: 2.981 GC heap after
{Heap after GC invocations=4 (full 0):
 garbage-first heap   total 327680K, used 13348K [0x00000006c3400000, 0x0000000800000000)
  region size 4096K, 2 young (8192K), 2 survivors (8192K)
 Metaspace       used 21196K, committed 21504K, reserved 1114112K
  class space    used 2745K, committed 2880K, reserved 1048576K
}
Event: 3.635 GC heap before
{Heap before GC invocations=5 (full 0):
 garbage-first heap   total 81920K, used 54308K [0x00000006c3400000, 0x0000000800000000)
  region size 4096K, 12 young (49152K), 2 survivors (8192K)
 Metaspace       used 24682K, committed 25088K, reserved 1114112K
  class space    used 3217K, committed 3392K, reserved 1048576K
}
Event: 3.645 GC heap after
{Heap after GC invocations=6 (full 0):
 garbage-first heap   total 81920K, used 16974K [0x00000006c3400000, 0x0000000800000000)
  region size 4096K, 2 young (8192K), 2 survivors (8192K)
 Metaspace       used 24682K, committed 25088K, reserved 1114112K
  class space    used 3217K, committed 3392K, reserved 1048576K
}
Event: 4.465 GC heap before
{Heap before GC invocations=6 (full 0):
 garbage-first heap   total 81920K, used 57934K [0x00000006c3400000, 0x0000000800000000)
  region size 4096K, 12 young (49152K), 2 survivors (8192K)
 Metaspace       used 29419K, committed 29952K, reserved 1114112K
  class space    used 3930K, committed 4160K, reserved 1048576K
}
Event: 4.479 GC heap after
{Heap after GC invocations=7 (full 0):
 garbage-first heap   total 81920K, used 19029K [0x00000006c3400000, 0x0000000800000000)
  region size 4096K, 2 young (8192K), 2 survivors (8192K)
 Metaspace       used 29419K, committed 29952K, reserved 1114112K
  class space    used 3930K, committed 4160K, reserved 1048576K
}
Event: 4.979 GC heap before
{Heap before GC invocations=7 (full 0):
 garbage-first heap   total 81920K, used 59989K [0x00000006c3400000, 0x0000000800000000)
  region size 4096K, 12 young (49152K), 2 survivors (8192K)
 Metaspace       used 33292K, committed 33856K, reserved 1114112K
  class space    used 4488K, committed 4736K, reserved 1048576K
}
Event: 4.995 GC heap after
{Heap after GC invocations=8 (full 0):
 garbage-first heap   total 98304K, used 22151K [0x00000006c3400000, 0x0000000800000000)
  region size 4096K, 2 young (8192K), 2 survivors (8192K)
 Metaspace       used 33292K, committed 33856K, reserved 1114112K
  class space    used 4488K, committed 4736K, reserved 1048576K
}
Event: 5.272 GC heap before
{Heap before GC invocations=8 (full 0):
 garbage-first heap   total 98304K, used 34439K [0x00000006c3400000, 0x0000000800000000)
  region size 4096K, 6 young (24576K), 2 survivors (8192K)
 Metaspace       used 35489K, committed 36096K, reserved 1114112K
  class space    used 4803K, committed 5056K, reserved 1048576K
}
Event: 5.283 GC heap after
{Heap after GC invocations=9 (full 0):
 garbage-first heap   total 98304K, used 23147K [0x00000006c3400000, 0x0000000800000000)
  region size 4096K, 1 young (4096K), 1 survivors (4096K)
 Metaspace       used 35489K, committed 36096K, reserved 1114112K
  class space    used 4803K, committed 5056K, reserved 1048576K
}

